-------------------------------------------------------------------------------
Test set: TestSuite
-------------------------------------------------------------------------------
Tests run: 2, Failures: 1, Errors: 0, Skipped: 0, Time elapsed: 42.087 s <<< FAILURE! - in TestSuite
tests.Firstphase.closeoff  Time elapsed: 26.213 s  <<< FAILURE!
java.lang.ClassCastException: class org.openqa.selenium.remote.RemoteWebElement cannot be cast to class java.lang.String (org.openqa.selenium.remote.RemoteWebElement is in unnamed module of loader 'app'; java.lang.String is in module java.base of loader 'bootstrap')

