<?xml version="1.0" encoding="UTF-8"?>
<!-- Generated by org.testng.reporters.JUnitXMLReporter -->
<testsuite ignored="0" hostname="ST-RA-WIN10-VM" failures="0" tests="2" name="RemoteApp" time="0.05" errors="0" timestamp="2021-12-01T15:20:22 GMT">
  <testcase classname="tests.TestBase" name="@BeforeSuite login" time="1.309">
    <failure type="java.lang.NullPointerException" message="Cannot invoke &amp;quot;org.openqa.selenium.WebDriver.quit()&amp;quot; because &amp;quot;this.firedrive&amp;quot; is null">
      <![CDATA[java.lang.NullPointerException: Cannot invoke "org.openqa.selenium.WebDriver.quit()" because "this.firedrive" is null
at tests.TestBase.cleanUpLogout(TestBase.java:401)
at tests.TestBase.login(TestBase.java:125)
... Removed 23 stack frames]]>
    </failure>
  </testcase> <!-- @BeforeSuite login -->
  <testcase classname="tests.TestBase" name="@AfterMethod logout" time="0.003">
    <failure type="java.lang.NullPointerException" message="Cannot invoke &amp;quot;org.openqa.selenium.WebDriver.quit()&amp;quot; because &amp;quot;this.firedrive&amp;quot; is null">
      <![CDATA[java.lang.NullPointerException: Cannot invoke "org.openqa.selenium.WebDriver.quit()" because "this.firedrive" is null
at tests.TestBase.logout(TestBase.java:515)
at java.base/java.util.ArrayList.forEach(ArrayList.java:1511)
... Removed 36 stack frames]]>
    </failure>
  </testcase> <!-- @AfterMethod logout -->
  <testcase classname="tests.TestBase" name="@AfterMethod logout" time="0.0">
    <failure type="java.lang.NullPointerException" message="Cannot invoke &amp;quot;org.openqa.selenium.WebDriver.quit()&amp;quot; because &amp;quot;this.firedrive&amp;quot; is null">
      <![CDATA[java.lang.NullPointerException: Cannot invoke "org.openqa.selenium.WebDriver.quit()" because "this.firedrive" is null
at tests.TestBase.logout(TestBase.java:515)
at java.base/java.util.ArrayList.forEach(ArrayList.java:1511)
... Removed 36 stack frames]]>
    </failure>
  </testcase> <!-- @AfterMethod logout -->
  <testcase classname="tests.Firstphase" name="Test16_DC0001" time="0.0">
    <skipped/>
  </testcase> <!-- Test16_DC0001 -->
  <testcase classname="tests.Firstphase" name="Test27_DC0002" time="0.0">
    <skipped/>
  </testcase> <!-- Test27_DC0002 -->
</testsuite> <!-- RemoteApp -->
